system          > 
system          > ConTeXt  ver: 2025.06.12 14:21 LMTX  fmt: 2025.12.30  int: english/english
system          > 
system          > 'cont-new.mkxl' loaded
open source     > level 1, order 1, name '/nix/store/z3937fhqhfw691y39inmvjdxifpn3b29-texlive-2025-env-texmfdist/tex/context/base/mkxl/cont-new.mkxl'
csname overload > warning, protection level 3, control sequence 'newcontextversion', properties 'permanent protected', file '/nix/store/z3937fhqhfw691y39inmvjdxifpn3b29-texlive-2025-env-texmfdist/tex/context/base/mkxl/cont-new.mkxl', line 16
system          > beware: some patches loaded from cont-new.mkiv
close source    > level 1, order 1, name '/nix/store/z3937fhqhfw691y39inmvjdxifpn3b29-texlive-2025-env-texmfdist/tex/context/base/mkxl/cont-new.mkxl'
system          > 'cont-sys.mkxl' loaded
open source     > level 1, order 2, name '/nix/store/z3937fhqhfw691y39inmvjdxifpn3b29-texlive-2025-env-texmfdist/tex/context/texlive/cont-sys.mkxl'
modules         > 'texlive' is loaded
open source     > level 2, order 3, name '/nix/store/z3937fhqhfw691y39inmvjdxifpn3b29-texlive-2025-env-texmfdist/tex/context/modules/mkxl/m-texlive.mkxl'
resolvers       > lua > loading file '/nix/store/z3937fhqhfw691y39inmvjdxifpn3b29-texlive-2025-env-texmfdist/tex/context/base/mkiv/data-tld.lua' succeeded
close source    > level 2, order 3, name '/nix/store/z3937fhqhfw691y39inmvjdxifpn3b29-texlive-2025-env-texmfdist/tex/context/modules/mkxl/m-texlive.mkxl'
close source    > level 1, order 3, name '/nix/store/z3937fhqhfw691y39inmvjdxifpn3b29-texlive-2025-env-texmfdist/tex/context/texlive/cont-sys.mkxl'
system          > jobfiles > using path: ~/.local/personal/environment
system          > files > jobname 'source/main', input 'source/main.tex', result 'source/main'
fonts           > latin modern fonts are not preloaded
languages       > language 'en' is active
open source     > level 1, order 4, name 'source/main.tex'
open source     > level 2, order 5, name '/home/joao/.local/personal/environment/header.tex'
fonts           > preloading latin modern fonts (third stage)
fonts           > 'fallback modern rm 12pt' is loaded
close source    > level 2, order 5, name '/home/joao/.local/personal/environment/header.tex'
structures      > begin of sectionblock 'frontpart'
open source     > level 2, order 6, name 'source/chapter1.tex'
structure       > sectioning > chapter @ level 2 : 0.1 -> Parâmetros Cinéticos
csname overload > warning, protection level 3, control sequence 'w', properties 'permanent protected', file 'source/chapter1.tex', line 6
close source    > level 2, order 6, name 'source/chapter1.tex'
open source     > level 2, order 7, name 'source/chapter2.tex'
structure       > sectioning > chapter @ level 2 : 0.2 -> Desenvolvimento
close source    > level 2, order 7, name 'source/chapter2.tex'
pages           > flushing realpage 1, userpage 1, subpage 1
pages           > flushing realpage 2, userpage 2, subpage 2
pages           > flushing realpage 3, userpage 3, subpage 3
structures      > end of sectionblock 'frontpart'
close source    > level 1, order 7, name 'source/main.tex'
backend         > xmp > using file '/nix/store/z3937fhqhfw691y39inmvjdxifpn3b29-texlive-2025-env-texmfdist/tex/context/base/mkiv/lpdf-pdx.xml'
system          > start used files
system          > text: main
system          >   environment: header
system          > stop used files
system          > start used files
system          >    1: filename=publ-imp-default.lua filetype=lua foundname=/nix/store/z3937fhqhfw691y39inmvjdxifpn3b29-texlive-2025-env-texmfdist/tex/context/base/mkiv/publ-imp-default.lua fullname=/nix/store/z3937fhqhfw691y39inmvjdxifpn3b29-texlive-2025-env-texmfdist/tex/context/base/mkiv/publ-imp-default.lua usedmethod=database
system          >    2: filename=cont-new.mkxl filetype=tex foundname=/nix/store/z3937fhqhfw691y39inmvjdxifpn3b29-texlive-2025-env-texmfdist/tex/context/base/mkxl/cont-new.mkxl fullname=/nix/store/z3937fhqhfw691y39inmvjdxifpn3b29-texlive-2025-env-texmfdist/tex/context/base/mkxl/cont-new.mkxl usedmethod=database
system          >    3: filename=cont-sys.mkxl filetype=tex foundname=/nix/store/z3937fhqhfw691y39inmvjdxifpn3b29-texlive-2025-env-texmfdist/tex/context/texlive/cont-sys.mkxl fullname=/nix/store/z3937fhqhfw691y39inmvjdxifpn3b29-texlive-2025-env-texmfdist/tex/context/texlive/cont-sys.mkxl usedmethod=database
system          >    4: filename=m-texlive.mkxl filetype=tex foundname=/nix/store/z3937fhqhfw691y39inmvjdxifpn3b29-texlive-2025-env-texmfdist/tex/context/modules/mkxl/m-texlive.mkxl fullname=/nix/store/z3937fhqhfw691y39inmvjdxifpn3b29-texlive-2025-env-texmfdist/tex/context/modules/mkxl/m-texlive.mkxl usedmethod=database
system          >    5: filename=data-tld.lua filetype=tex format=tex foundname=/nix/store/z3937fhqhfw691y39inmvjdxifpn3b29-texlive-2025-env-texmfdist/tex/context/base/mkiv/data-tld.lua fullname=/nix/store/z3937fhqhfw691y39inmvjdxifpn3b29-texlive-2025-env-texmfdist/tex/context/base/mkiv/data-tld.lua usedmethod=database
system          >    6: filename=lang-exc.lua filetype=lua foundname=/nix/store/z3937fhqhfw691y39inmvjdxifpn3b29-texlive-2025-env-texmfdist/tex/context/base/mkiv/lang-exc.lua fullname=/nix/store/z3937fhqhfw691y39inmvjdxifpn3b29-texlive-2025-env-texmfdist/tex/context/base/mkiv/lang-exc.lua usedmethod=database
system          >    7: filename=lang-us.lua filetype=lua foundname=/nix/store/z3937fhqhfw691y39inmvjdxifpn3b29-texlive-2025-env-texmfdist/tex/context/patterns/mkiv/lang-us.lua fullname=/nix/store/z3937fhqhfw691y39inmvjdxifpn3b29-texlive-2025-env-texmfdist/tex/context/patterns/mkiv/lang-us.lua usedmethod=database
system          >    8: filename=source/main.tex format=tex foundname=source/main.tex fullname=/home/joao/.local/personal/build/regression/note/source/main.tex usedmethod=direct
system          >    9: filename=/home/joao/.local/personal/environment/header.tex format=tex foundname=/home/joao/.local/personal/environment/header.tex fullname=/home/joao/.local/personal/environment/header.tex usedmethod=direct
system          >   10: filename=lang-pt.lua filetype=lua foundname=/nix/store/z3937fhqhfw691y39inmvjdxifpn3b29-texlive-2025-env-texmfdist/tex/context/patterns/mkiv/lang-pt.lua fullname=/nix/store/z3937fhqhfw691y39inmvjdxifpn3b29-texlive-2025-env-texmfdist/tex/context/patterns/mkiv/lang-pt.lua usedmethod=database
system          >   11: filename=context-libraries.tma filetype=lua foundname=/nix/store/z3937fhqhfw691y39inmvjdxifpn3b29-texlive-2025-env-texmfdist/tex/context/base/mkxl/context-libraries.tma fullname=/nix/store/z3937fhqhfw691y39inmvjdxifpn3b29-texlive-2025-env-texmfdist/tex/context/base/mkxl/context-libraries.tma usedmethod=database
system          >   12: filename=lm.lfg filetype=tex foundname=/nix/store/z3937fhqhfw691y39inmvjdxifpn3b29-texlive-2025-env-texmfdist/tex/context/fonts/mkiv/lm.lfg fullname=/nix/store/z3937fhqhfw691y39inmvjdxifpn3b29-texlive-2025-env-texmfdist/tex/context/fonts/mkiv/lm.lfg usedmethod=database
system          >   13: filename=lmroman10-regular filetype=otf format=otf foundname=/nix/store/z3937fhqhfw691y39inmvjdxifpn3b29-texlive-2025-env-texmfdist/fonts/opentype/public/lm/lmroman10-regular.otf fullname=/nix/store/z3937fhqhfw691y39inmvjdxifpn3b29-texlive-2025-env-texmfdist/fonts/opentype/public/lm/lmroman10-regular.otf usedmethod=database
system          >   14: filename=modern-text.lfg filetype=tex foundname=/nix/store/z3937fhqhfw691y39inmvjdxifpn3b29-texlive-2025-env-texmfdist/tex/context/fonts/mkiv/modern-text.lfg fullname=/nix/store/z3937fhqhfw691y39inmvjdxifpn3b29-texlive-2025-env-texmfdist/tex/context/fonts/mkiv/modern-text.lfg usedmethod=database
system          >   15: filename=latinmodern-math.otf filetype=otf format=otf foundname=/nix/store/z3937fhqhfw691y39inmvjdxifpn3b29-texlive-2025-env-texmfdist/fonts/opentype/public/lm-math/latinmodern-math.otf fullname=/nix/store/z3937fhqhfw691y39inmvjdxifpn3b29-texlive-2025-env-texmfdist/fonts/opentype/public/lm-math/latinmodern-math.otf usedmethod=database
system          >   16: filename=modern-math.lfg filetype=tex foundname=/nix/store/z3937fhqhfw691y39inmvjdxifpn3b29-texlive-2025-env-texmfdist/tex/context/fonts/mkiv/modern-math.lfg fullname=/nix/store/z3937fhqhfw691y39inmvjdxifpn3b29-texlive-2025-env-texmfdist/tex/context/fonts/mkiv/modern-math.lfg usedmethod=database
system          >   17: filename=common-math.lfg filetype=tex foundname=/nix/store/z3937fhqhfw691y39inmvjdxifpn3b29-texlive-2025-env-texmfdist/tex/context/fonts/mkiv/common-math.lfg fullname=/nix/store/z3937fhqhfw691y39inmvjdxifpn3b29-texlive-2025-env-texmfdist/tex/context/fonts/mkiv/common-math.lfg usedmethod=database
system          >   18: filename=latinmodernmathcompanion-regular.otf filetype=otf format=otf foundname=/nix/store/z3937fhqhfw691y39inmvjdxifpn3b29-texlive-2025-env-texmfdist/fonts/opentype/public/context/LatinModernMathCompanion-Regular.otf fullname=/nix/store/z3937fhqhfw691y39inmvjdxifpn3b29-texlive-2025-env-texmfdist/fonts/opentype/public/context/LatinModernMathCompanion-Regular.otf usedmethod=database
system          >   19: filename=source/chapter1.tex format=tex foundname=source/chapter1.tex fullname=/home/joao/.local/personal/build/regression/note/source/chapter1.tex usedmethod=direct
system          >   20: filename=lmroman10-bold filetype=otf format=otf foundname=/nix/store/z3937fhqhfw691y39inmvjdxifpn3b29-texlive-2025-env-texmfdist/fonts/opentype/public/lm/lmroman10-bold.otf fullname=/nix/store/z3937fhqhfw691y39inmvjdxifpn3b29-texlive-2025-env-texmfdist/fonts/opentype/public/lm/lmroman10-bold.otf usedmethod=database
system          >   21: filename=lmroman10-italic filetype=otf format=otf foundname=/nix/store/z3937fhqhfw691y39inmvjdxifpn3b29-texlive-2025-env-texmfdist/fonts/opentype/public/lm/lmroman10-italic.otf fullname=/nix/store/z3937fhqhfw691y39inmvjdxifpn3b29-texlive-2025-env-texmfdist/fonts/opentype/public/lm/lmroman10-italic.otf usedmethod=database
system          >   22: filename=lmmono10-regular filetype=otf format=otf foundname=/nix/store/z3937fhqhfw691y39inmvjdxifpn3b29-texlive-2025-env-texmfdist/fonts/opentype/public/lm/lmmono10-regular.otf fullname=/nix/store/z3937fhqhfw691y39inmvjdxifpn3b29-texlive-2025-env-texmfdist/fonts/opentype/public/lm/lmmono10-regular.otf usedmethod=database
system          >   23: filename=source/chapter2.tex format=tex foundname=source/chapter2.tex fullname=/home/joao/.local/personal/build/regression/note/source/chapter2.tex usedmethod=direct
system          >   24: filename=lpdf-pdx.xml filetype=tex foundname=/nix/store/z3937fhqhfw691y39inmvjdxifpn3b29-texlive-2025-env-texmfdist/tex/context/base/mkiv/lpdf-pdx.xml fullname=/nix/store/z3937fhqhfw691y39inmvjdxifpn3b29-texlive-2025-env-texmfdist/tex/context/base/mkiv/lpdf-pdx.xml usedmethod=database
system          > stop used files
system          > start commandline options
system          >   currentrun="2"
system          >   fulljobname="source/main.tex"
system          >   input="source/main.tex"
system          >   kindofrun="2"
system          >   maxnofruns="9"
system          >   path="~/.local/personal/environment"
system          >   texmfbinpath="/nix/store/bznlr9d34p8lxlpb29zqdla8q01mvlrh-texlive-2025-env/bin"
system          > stop commandline options
system          > start commandline files
system          >    1: source/main.tex
system          > stop commandline files
modules         > start used modules
modules         >   loaded : *-texlive
modules         > stop used modules
references      > start missing references
references      >    2  [][]
references      > stop missing references
system          > 
system          > status after finishing run
system          > 
system          >   ----------------------------------------------------------------------------------------------------------------------------------------------------------------------------------------------
system          >           string       pool       hash     lookup       node      token     buffer      input       file       nest  parameter       save       font   language       mark     insert        mvl
system          >   ----------------------------------------------------------------------------------------------------------------------------------------------------------------------------------------------
system          >   max    2097152  100000000    2097152    2097152  100000000   10000000  100000000     100000       2000      10000     100000     500000     100000      10000      10000        500        500
system          >   min     150000   10000000     150000     150000   10000000    2000000    1000000      10000        500       1000      20000     100000        250        250         50         25         10
system          >   set     500000   10000000     250000     250000   50000000   10000000   10000000     100000       2000      10000     100000     500000     100000        250        250        250         10
system          >   stp     100000    1000000     100000     100000    5000000    1000000    1000000      10000        250       1000      10000      10000        250        250         50         25         10
system          > 
system          >   mem     150000    1012903     150000              10000000    2000000    1000000      10000        500       1000      20000      10000        250        250         50         25         10
system          >   itm         16          1         16                     9          8          1         32         32         80          4         16          8          8         28         56         80
system          >   ext          0          0          0          0         40          0          0          0          0          0          0          0    2642600        144          0          0          0
system          >   all    2400000    1012903    2400000          1   90000040   16000000    1000000     320000      16000      80000      80000     160000    2644600       2144       1400       1400        800
system          > 
system          >   ini    2149030     993623          0      51861          0     573418                                                                                       0                                 
system          >   ptr      52661                  7685      52644                536414          0          0          0          0          0          0         10          0         28         11          1
system          >   top      52662                938216     262146     129975     584233        673         42          7         13         42        343        250        250         50         25         10
system          >   ----------------------------------------------------------------------------------------------------------------------------------------------------------------------------------------------
system          > 
system          >   current input type    : initial
system          > 
system          >   approximate memory    : 119104743 (113 MB)
system          > 
system          >   expansion depth       : min: 10000, max: 1000000, set: 10000, top: 9
system          > 
system          >   luabytecode registers : 1029
system          >   luabytecode bytes     : 16480 (0 MB)
system          >   luastate bytes now    : 52980643 (50 MB)
system          >   luastate bytes max    : 52980643 (50 MB)
system          > 
system          >   file callbacks        : 454
system          >   saved callbacks       : 1235
system          >   direct callbacks      : 4
system          >   function callbacks    : 1420
system          >   value callbacks       : 450
system          >   message callbacks     : 0
system          >   bytecode callbacks    : 635
system          > 
system          >   mp instances          : 0
system          >   mp estimated memory   : 0 (0 MB)
system          >   mp file callbacks     : 0
system          >   mp text callbacks     : 0
system          >   mp script callbacks   : 0
system          >   mp log callbacks      : 0
system          > 
system          >   total callbacks       : 4198
system          >   mp total callbacks    : 0
system          >   backend callbacks     : 0
system          > 
system          >   linebreak statistics  : context      calls     first    second     final  passonly   subpass
system          > 
system          >   linebreak statistics  : normal          33        33         0        22         0         0
system          >   linebreak statistics  : vbox            23        23         0         4         0         0
system          > 
system          >   linebreak statistics  :                 56        56         0        26         0         0
system          > 
system          >   balance state         : calls                 6
system          >   balance state         : final                 6
system          >   balance state         : second                6
system          > 
system          >   hyphenation state     : checked         178
system          >   hyphenation state     : hyphenated      413
system          >   hyphenation state     : lists           178
system          >   hyphenation state     : nothing         156
system          >   hyphenation state     : words           433
system          > 
mkxl run stats  > used config file: /nix/store/bznlr9d34p8lxlpb29zqdla8q01mvlrh-texlive-2025-env/share/texmf-var/web2c/texmfcnf.lua
mkxl run stats  > used cache path: readable+writable: '/home/joao/.texlive2025/texmf-var/luametatex-cache/context/0b1b395701e66c6d6587249b74a2b08f'
mkxl run stats  > resource resolver: loadtime 0.006 seconds, 0 scans with scantime 0.000 seconds, 0 shared scans, 24 found files, scanned paths: <none>
mkxl run stats  > stored bytecode data: 529 modules (0.132 sec), 106 tables (0.006 sec), 635 chunks (0.138 sec)
mkxl run stats  > traced context lua functions: maxstack: 1873, freed: 2, unreachable: 1871
mkxl run stats  > cleaned up reserved nodes: 76 nodes, 7 lists of 444
mkxl run stats  > node memory usage: 18 attribute, 8 fontspec, 4 glue, 135 gluespec, 661 mathspec, 4 penalty, 30 specification, 2 temp
mkxl run stats  > node list callback tasks: 17 unique task lists, 12 instances (re)created, 563 calls
mkxl run stats  > used backend: pdf
mkxl run stats  > randomizer: resumed with value 0.040685929838823021
mkxl run stats  > jobdata time: 0.001 seconds saving, 0.000 seconds loading
mkxl run stats  > callbacks: file: 454, saved: 1235, direct: 4, function: 1420, value: 450, message: 0, bytecode: 635, late 0, total: 4198 (1399 per page)
mkxl run stats  > loaded tex modules: 1 requested, all found (*-texlive)
mkxl run stats  > loaded patterns: en::1 pt-br:pt:71, load time: 0.000
mkxl run stats  > loaded fonts: 6 files: latinmodernmathcompanion-regular.otf, latinmodern-math.otf, lmmono10-regular.otf, lmroman10-bold.otf, lmroman10-italic.otf, lmroman10-regular.otf
mkxl run stats  > font engine: otf 3.144, afm 1.541, tfm 1.000, 8 instances, 2 shared in backend, 2 common vectors, 0 common hashes, load time 0.058 seconds 
mkxl run stats  > math tweaking time: 0.022 seconds, 6 math goodie tables
mkxl run stats  > font embedding time: 0.005 seconds, 6 fonts
mkxl run stats  > result saved in file: source/main.pdf, compresslevel 1, objectcompresslevel 3, 22 streams, 0 uncompressed, 20 compressed, 2 not compressed, threshold 40
mkxl run stats  > positions: 35 collected, 8 deltas, 29 shared partials, 6 partial entries
mkxl run stats  > cross referencing: 27 identified, 1 unknown
mkxl run stats  > used platform: linux-64, type: unix, binary subtree: bznlr9d34p8lxlpb29zqdla8q01mvlrh-texlive-2025-env
mkxl run stats  > used engine: luametatex version: 2.11.07, functionality level: 20250609, format id: 720, compiler: gcc
mkxl run stats  > tex properties: 938216 hash slots used of 2097152, 52644 control sequences, approximate memory usage: 113 MB
mkxl run stats  > lua properties: engine: lua 5.5, format 7, used memory: 53 MB, ctx: 50 MB, max: 50 MB, symbol mask: utf (τεχ)
mkxl run stats  > runtime: 0.290 seconds, 3 processed pages, 3 shipped pages, 10.348 pages/second
